


ARM Macro Assembler    Page 1 


    1 00000000         ;*******************************************************
                       ***********************
    2 00000000         ;* File Name          : startup_stm32c031xx.s
    3 00000000         ;* Author             : MCD Application Team
    4 00000000         ;* Description        : STM32C031xx devices vector table
                        for MDK-ARM toolchain.
    5 00000000         ;*                      This module performs:
    6 00000000         ;*                      - Set the initial SP
    7 00000000         ;*                      - Set the initial PC == Reset_Ha
                       ndler
    8 00000000         ;*                      - Set the vector table entries w
                       ith the exceptions ISR address
    9 00000000         ;*                      - Branches to __main in the C li
                       brary (which eventually
   10 00000000         ;*                        calls main()).
   11 00000000         ;*                      After Reset the CortexM0 process
                       or is in Thread mode,
   12 00000000         ;*                      priority is Privileged, and the 
                       Stack is set to Main.
   13 00000000         ;* <<< Use Configuration Wizard in Context Menu >>>
   14 00000000         ;*******************************************************
                       *********************** 
   15 00000000         ;* @attention
   16 00000000         ;*
   17 00000000         ;* Copyright (c) 2022 STMicroelectronics.
   18 00000000         ;* All rights reserved.
   19 00000000         ;*
   20 00000000         ;* This software is licensed under terms that can be fou
                       nd in the LICENSE file
   21 00000000         ;* in the root directory of this software component.
   22 00000000         ;* If no LICENSE file comes with this software, it is pr
                       ovided AS-IS.
   23 00000000         ;*
   24 00000000         ;*******************************************************
                       ***********************
   25 00000000         
   26 00000000         ; Amount of memory (in bytes) allocated for Stack
   27 00000000         ; Tailor this value to your application needs
   28 00000000         ; <h> Stack Configuration
   29 00000000         ;   <o> Stack Size (in Bytes) <0x0-0xFFFFFFFF:8>
   30 00000000         ; </h>
   31 00000000         
   32 00000000 00000000 
                       Stack_Size
                               EQU              0x000
   33 00000000         
   34 00000000                 AREA             STACK, NOINIT, READWRITE, ALIGN
=3
   35 00000000         Stack_Mem
                               SPACE            Stack_Size
   36 00000000         __initial_sp
   37 00000000         
   38 00000000         
   39 00000000         ; <h> Heap Configuration
   40 00000000         ;   <o>  Heap Size (in Bytes) <0x0-0xFFFFFFFF:8>
   41 00000000         ; </h>
   42 00000000         
   43 00000000 00000200 
                       Heap_Size



ARM Macro Assembler    Page 2 


                               EQU              0x200
   44 00000000         
   45 00000000                 AREA             HEAP, NOINIT, READWRITE, ALIGN=
3
   46 00000000         __heap_base
   47 00000000         Heap_Mem
                               SPACE            Heap_Size
   48 00000200         __heap_limit
   49 00000200         
   50 00000200                 PRESERVE8
   51 00000200                 THUMB
   52 00000200         
   53 00000200         
   54 00000200         ; Vector Table Mapped to Address 0 at Reset
   55 00000200                 AREA             RESET, DATA, READONLY
   56 00000000                 EXPORT           __Vectors
   57 00000000                 EXPORT           __Vectors_End
   58 00000000                 EXPORT           __Vectors_Size
   59 00000000         
   60 00000000 00000000 
                       __Vectors
                               DCD              __initial_sp ; Top of Stack
   61 00000004 00000000        DCD              Reset_Handler ; Reset Handler
   62 00000008         
   63 00000008         __Vectors_End
   64 00000008         
   65 00000008 00000008 
                       __Vectors_Size
                               EQU              __Vectors_End - __Vectors
   66 00000008         
   67 00000008                 AREA             |.text|, CODE, READONLY
   68 00000000         
   69 00000000         ; Reset handler routine
   70 00000000         Reset_Handler
                               PROC
   71 00000000                 EXPORT           Reset_Handler                 [
WEAK]
   72 00000000                 IMPORT           __main
   73 00000000                 IMPORT           SystemInit
   74 00000000 4804            LDR              R0, =SystemInit
   75 00000002 4780            BLX              R0
   76 00000004 4804            LDR              R0, =__main
   77 00000006 4700            BX               R0
   78 00000008                 ENDP
   79 00000008         
   80 00000008         ; Dummy Exception Handlers (infinite loops which can be 
                       modified)
   81 00000008         
   82 00000008         
   83 00000008         ;*******************************************************
                       ************************
   84 00000008         ; User Stack and Heap initialization
   85 00000008         ;*******************************************************
                       ************************
   86 00000008                 IF               :DEF:__MICROLIB
   93 00000008         
   94 00000008                 IMPORT           __use_two_region_memory
   95 00000008                 EXPORT           __user_initial_stackheap
   96 00000008         



ARM Macro Assembler    Page 3 


   97 00000008         __user_initial_stackheap
   98 00000008         
   99 00000008 4804            LDR              R0, =  Heap_Mem
  100 0000000A 4905            LDR              R1, =(Stack_Mem + Stack_Size)
  101 0000000C 4A05            LDR              R2, = (Heap_Mem +  Heap_Size)
  102 0000000E 4B04            LDR              R3, = Stack_Mem
  103 00000010 4770            BX               LR
  104 00000012         
  105 00000012 00 00           ALIGN
  106 00000014         
  107 00000014                 ENDIF
  108 00000014         
  109 00000014                 END
              00000000 
              00000000 
              00000000 
              00000000 
              00000200 
Command Line: --debug --xref --diag_suppress=9931 --cpu=Cortex-M0+ --apcs=inter
work --depend=.\objects\startup_stm32c031xx.d -o.\objects\startup_stm32c031xx.o
 -IC:\Users\hunxi\AppData\Local\Arm\Packs\Keil\STM32C0xx_DFP\1.0.0\Drivers\CMSI
S\Device\ST\STM32C0xx\Include --predefine="__UVISION_VERSION SETA 539" --predef
ine="STM32C031xx SETA 1" --list=.\listings\startup_stm32c031xx.lst cmsis\startu
p_stm32c031xx.s



ARM Macro Assembler    Page 1 Alphabetic symbol ordering
Relocatable symbols

STACK 00000000

Symbol: STACK
   Definitions
      At line 34 in file cmsis\startup_stm32c031xx.s
   Uses
      None
Comment: STACK unused
Stack_Mem 00000000

Symbol: Stack_Mem
   Definitions
      At line 35 in file cmsis\startup_stm32c031xx.s
   Uses
      At line 100 in file cmsis\startup_stm32c031xx.s
      At line 102 in file cmsis\startup_stm32c031xx.s

__initial_sp 00000000

Symbol: __initial_sp
   Definitions
      At line 36 in file cmsis\startup_stm32c031xx.s
   Uses
      At line 60 in file cmsis\startup_stm32c031xx.s
Comment: __initial_sp used once
3 symbols



ARM Macro Assembler    Page 1 Alphabetic symbol ordering
Relocatable symbols

HEAP 00000000

Symbol: HEAP
   Definitions
      At line 45 in file cmsis\startup_stm32c031xx.s
   Uses
      None
Comment: HEAP unused
Heap_Mem 00000000

Symbol: Heap_Mem
   Definitions
      At line 47 in file cmsis\startup_stm32c031xx.s
   Uses
      At line 99 in file cmsis\startup_stm32c031xx.s
      At line 101 in file cmsis\startup_stm32c031xx.s

__heap_base 00000000

Symbol: __heap_base
   Definitions
      At line 46 in file cmsis\startup_stm32c031xx.s
   Uses
      None
Comment: __heap_base unused
__heap_limit 00000200

Symbol: __heap_limit
   Definitions
      At line 48 in file cmsis\startup_stm32c031xx.s
   Uses
      None
Comment: __heap_limit unused
4 symbols



ARM Macro Assembler    Page 1 Alphabetic symbol ordering
Relocatable symbols

RESET 00000000

Symbol: RESET
   Definitions
      At line 55 in file cmsis\startup_stm32c031xx.s
   Uses
      None
Comment: RESET unused
__Vectors 00000000

Symbol: __Vectors
   Definitions
      At line 60 in file cmsis\startup_stm32c031xx.s
   Uses
      At line 56 in file cmsis\startup_stm32c031xx.s
      At line 65 in file cmsis\startup_stm32c031xx.s

__Vectors_End 00000008

Symbol: __Vectors_End
   Definitions
      At line 63 in file cmsis\startup_stm32c031xx.s
   Uses
      At line 57 in file cmsis\startup_stm32c031xx.s
      At line 65 in file cmsis\startup_stm32c031xx.s

3 symbols



ARM Macro Assembler    Page 1 Alphabetic symbol ordering
Relocatable symbols

.text 00000000

Symbol: .text
   Definitions
      At line 67 in file cmsis\startup_stm32c031xx.s
   Uses
      None
Comment: .text unused
Reset_Handler 00000000

Symbol: Reset_Handler
   Definitions
      At line 70 in file cmsis\startup_stm32c031xx.s
   Uses
      At line 61 in file cmsis\startup_stm32c031xx.s
      At line 71 in file cmsis\startup_stm32c031xx.s

__user_initial_stackheap 00000008

Symbol: __user_initial_stackheap
   Definitions
      At line 97 in file cmsis\startup_stm32c031xx.s
   Uses
      At line 95 in file cmsis\startup_stm32c031xx.s
Comment: __user_initial_stackheap used once
3 symbols



ARM Macro Assembler    Page 1 Alphabetic symbol ordering
Absolute symbols

Heap_Size 00000200

Symbol: Heap_Size
   Definitions
      At line 43 in file cmsis\startup_stm32c031xx.s
   Uses
      At line 47 in file cmsis\startup_stm32c031xx.s
      At line 101 in file cmsis\startup_stm32c031xx.s

Stack_Size 00000000

Symbol: Stack_Size
   Definitions
      At line 32 in file cmsis\startup_stm32c031xx.s
   Uses
      At line 35 in file cmsis\startup_stm32c031xx.s
      At line 100 in file cmsis\startup_stm32c031xx.s

__Vectors_Size 00000008

Symbol: __Vectors_Size
   Definitions
      At line 65 in file cmsis\startup_stm32c031xx.s
   Uses
      At line 58 in file cmsis\startup_stm32c031xx.s
Comment: __Vectors_Size used once
3 symbols



ARM Macro Assembler    Page 1 Alphabetic symbol ordering
External symbols

SystemInit 00000000

Symbol: SystemInit
   Definitions
      At line 73 in file cmsis\startup_stm32c031xx.s
   Uses
      At line 74 in file cmsis\startup_stm32c031xx.s
Comment: SystemInit used once
__main 00000000

Symbol: __main
   Definitions
      At line 72 in file cmsis\startup_stm32c031xx.s
   Uses
      At line 76 in file cmsis\startup_stm32c031xx.s
Comment: __main used once
__use_two_region_memory 00000000

Symbol: __use_two_region_memory
   Definitions
      At line 94 in file cmsis\startup_stm32c031xx.s
   Uses
      None
Comment: __use_two_region_memory unused
3 symbols
355 symbols in table
